Great success begins at Sat Sep 17 12:32:01 IST 2011
~/github/sheki /
# On branch master
# Untracked files:
#   (use "git add <file>..." to include in what will be committed)
#
#	blog/blore_road.html
#	codejam/FileFixIt.scala
#	codejam/aa.txt
#	codejam/botTrust.cpp
#	codejam/bout.txt
#	codejam/c-large.out
#	codejam/c-small.out
#	codejam/cTest.cpp
#	codejam/candySplitting.cpp
#	codejam/input.txt
#	codejam/large.txt
#	codejam/last.txt
#	codejam/limit.c
#	codejam/magicka.py
#	codejam/magicka.scala
#	codejam/minScalarProduct.in
#	codejam/out.txt
#	codejam/rpi.cpp
#	codejam/storeCredit.in
#	codejam/storeCredit.py
#	codejam/storeCredit.scala
#	connect4/
#	facebook_puzzles/
#	flipSmsApp/
#	helloworld/
#	kindleVFlipkart/amazon.py
#	kindleVFlipkart/amzn.html
#	kindleVFlipkart/kona.html
#	kindleVFlipkart/out.xml
#	kindleVFlipkart/restart
#	kindleVFlipkart/result.txt
#	kindleVFlipkart/resume
#	kindleVFlipkart/table.py
#	notification/
#	scatra_smsApp/
#	tweedback/
nothing added to commit but untracked files present (use "git add" to track)
Great success begins at Sat Sep 17 12:33:08 IST 2011
~/github/sheki /
# On branch master
# Untracked files:
#   (use "git add <file>..." to include in what will be committed)
#
#	bin/
#	blog/blore_road.html
#	codejam/FileFixIt.scala
#	codejam/aa.txt
#	codejam/botTrust.cpp
#	codejam/bout.txt
#	codejam/c-large.out
#	codejam/c-small.out
#	codejam/cTest.cpp
#	codejam/candySplitting.cpp
#	codejam/input.txt
#	codejam/large.txt
#	codejam/last.txt
#	codejam/limit.c
#	codejam/magicka.py
#	codejam/magicka.scala
#	codejam/minScalarProduct.in
#	codejam/out.txt
#	codejam/rpi.cpp
#	codejam/storeCredit.in
#	codejam/storeCredit.py
#	codejam/storeCredit.scala
#	connect4/
#	facebook_puzzles/
#	flipSmsApp/
#	helloworld/
#	kindleVFlipkart/amazon.py
#	kindleVFlipkart/amzn.html
#	kindleVFlipkart/kona.html
#	kindleVFlipkart/out.xml
#	kindleVFlipkart/restart
#	kindleVFlipkart/result.txt
#	kindleVFlipkart/resume
#	kindleVFlipkart/table.py
#	notification/
#	scatra_smsApp/
#	tweedback/
nothing added to commit but untracked files present (use "git add" to track)
Great success begins at Sat Sep 17 12:33:12 IST 2011
~/github/sheki /
error: pathspec 'bin' did not match any file(s) known to git.
Great success begins at Sat Sep 17 12:34:15 IST 2011
~/github/sheki /
# On branch master
# Untracked files:
#   (use "git add <file>..." to include in what will be committed)
#
#	bin/
#	blog/blore_road.html
#	codejam/FileFixIt.scala
#	codejam/aa.txt
#	codejam/botTrust.cpp
#	codejam/bout.txt
#	codejam/c-large.out
#	codejam/c-small.out
#	codejam/cTest.cpp
#	codejam/candySplitting.cpp
#	codejam/input.txt
#	codejam/large.txt
#	codejam/last.txt
#	codejam/limit.c
#	codejam/magicka.py
#	codejam/magicka.scala
#	codejam/minScalarProduct.in
#	codejam/out.txt
#	codejam/rpi.cpp
#	codejam/storeCredit.in
#	codejam/storeCredit.py
#	codejam/storeCredit.scala
#	connect4/
#	facebook_puzzles/
#	flipSmsApp/
#	helloworld/
#	kindleVFlipkart/amazon.py
#	kindleVFlipkart/amzn.html
#	kindleVFlipkart/kona.html
#	kindleVFlipkart/out.xml
#	kindleVFlipkart/restart
#	kindleVFlipkart/result.txt
#	kindleVFlipkart/resume
#	kindleVFlipkart/table.py
#	notification/
#	scatra_smsApp/
#	tweedback/
nothing added to commit but untracked files present (use "git add" to track)
