Configuring streaming-commons-0.2.1.0...
clang: warning: argument unused during compilation: '-nopie' [-Wunused-command-line-argument]
Preprocessing library for streaming-commons-0.2.1.0..
Building library for streaming-commons-0.2.1.0..
[ 1 of 16] Compiling Data.Streaming.ByteString.Builder.Buffer ( Data/Streaming/ByteString/Builder/Buffer.hs, .stack-work/dist/x86_64-osx/Cabal-2.2.0.1/build/Data/Streaming/ByteString/Builder/Buffer.o )
[ 2 of 16] Compiling Data.Streaming.ByteString.Builder ( Data/Streaming/ByteString/Builder.hs, .stack-work/dist/x86_64-osx/Cabal-2.2.0.1/build/Data/Streaming/ByteString/Builder.o )
[ 3 of 16] Compiling Data.Streaming.FileRead ( Data/Streaming/FileRead.hs, .stack-work/dist/x86_64-osx/Cabal-2.2.0.1/build/Data/Streaming/FileRead.o )
[ 4 of 16] Compiling Data.Streaming.Filesystem ( Data/Streaming/Filesystem.hs, .stack-work/dist/x86_64-osx/Cabal-2.2.0.1/build/Data/Streaming/Filesystem.o )
[ 5 of 16] Compiling Data.Streaming.Network.Internal ( Data/Streaming/Network/Internal.hs, .stack-work/dist/x86_64-osx/Cabal-2.2.0.1/build/Data/Streaming/Network/Internal.o )
[ 6 of 16] Compiling Data.Streaming.Network ( Data/Streaming/Network.hs, .stack-work/dist/x86_64-osx/Cabal-2.2.0.1/build/Data/Streaming/Network.o )
[ 7 of 16] Compiling Data.Streaming.Process.Internal ( Data/Streaming/Process/Internal.hs, .stack-work/dist/x86_64-osx/Cabal-2.2.0.1/build/Data/Streaming/Process/Internal.o )
[ 8 of 16] Compiling Data.Streaming.Process ( Data/Streaming/Process.hs, .stack-work/dist/x86_64-osx/Cabal-2.2.0.1/build/Data/Streaming/Process.o )
[ 9 of 16] Compiling Data.Streaming.Zlib.Lowlevel ( Data/Streaming/Zlib/Lowlevel.hs, .stack-work/dist/x86_64-osx/Cabal-2.2.0.1/build/Data/Streaming/Zlib/Lowlevel.o )
[10 of 16] Compiling Data.Streaming.Zlib ( Data/Streaming/Zlib.hs, .stack-work/dist/x86_64-osx/Cabal-2.2.0.1/build/Data/Streaming/Zlib.o )
[11 of 16] Compiling Data.Text.Internal.Encoding.Utf16 ( Data/Text/Internal/Encoding/Utf16.hs, .stack-work/dist/x86_64-osx/Cabal-2.2.0.1/build/Data/Text/Internal/Encoding/Utf16.o )
[12 of 16] Compiling Data.Text.Internal.Encoding.Utf32 ( Data/Text/Internal/Encoding/Utf32.hs, .stack-work/dist/x86_64-osx/Cabal-2.2.0.1/build/Data/Text/Internal/Encoding/Utf32.o )
[13 of 16] Compiling Data.Text.Internal.Unsafe.Shift ( Data/Text/Internal/Unsafe/Shift.hs, .stack-work/dist/x86_64-osx/Cabal-2.2.0.1/build/Data/Text/Internal/Unsafe/Shift.o )
[14 of 16] Compiling Data.Text.Internal.Unsafe.Char ( Data/Text/Internal/Unsafe/Char.hs, .stack-work/dist/x86_64-osx/Cabal-2.2.0.1/build/Data/Text/Internal/Unsafe/Char.o )
[15 of 16] Compiling Data.Text.Internal.Encoding.Utf8 ( Data/Text/Internal/Encoding/Utf8.hs, .stack-work/dist/x86_64-osx/Cabal-2.2.0.1/build/Data/Text/Internal/Encoding/Utf8.o )
[16 of 16] Compiling Data.Streaming.Text ( Data/Streaming/Text.hs, .stack-work/dist/x86_64-osx/Cabal-2.2.0.1/build/Data/Streaming/Text.o )
clang: warning: argument unused during compilation: '-nopie' [-Wunused-command-line-argument]

[;1mcbits/text-helper.c:71:67: [;1m[31merror:[0m[0m[;1m[0m[0m[;1m
     warning: duplicate 'const' declaration specifier [-Wduplicate-decl-specifier][0m[0m
[;1m[34m   |[0m[0m
[;1m[34m71 |[0m[0m _hs_streaming_commons_decode_latin1(uint16_t *dest, const uint8_t [;1m[31mc[0m[0monst *src,
[;1m[34m   |[0m[0m[;1m[31m                                                                   ^[0m[0m
[0m[0m[0m_hs_streaming_commons_decode_latin1(uint16_t *dest, const uint8_t const *src,
                                                                  ^

[;1mcbits/text-helper.c:72:38: [;1m[31merror:[0m[0m[;1m[0m[0m[;1m
     warning: duplicate 'const' declaration specifier [-Wduplicate-decl-specifier]
                           const uint8_t const *srcend)
                                         ^[0m[0m
[;1m[34m   |[0m[0m
[;1m[34m72 |[0m[0m                        const uint8_t [;1m[31mc[0m[0monst *srcend)
[;1m[34m   |[0m[0m[;1m[31m                                      ^[0m[0m
[0m[0m[0m
[;1mcbits/text-helper.c:133:19: [;1m[31merror:[0m[0m[;1m[0m[0m[;1m
     warning: duplicate 'const' declaration specifier [-Wduplicate-decl-specifier]
                             const uint8_t const **src, const uint8_t const *srcend,
                                           ^[0m[0m
[;1m[34m    |[0m[0m
[;1m[34m133 |[0m[0m                   [;1m[31m [0m[0m      const uint8_t const **src, const uint8_t const *srcend,
[;1m[34m    |[0m[0m[;1m[31m                   ^[0m[0m
[0m[0m[0m
[;1mcbits/text-helper.c:133:46: [;1m[31merror:[0m[0m[;1m[0m[0m[;1m
     warning: duplicate 'const' declaration specifier [-Wduplicate-decl-specifier]
                             const uint8_t const **src, const uint8_t const *srcend,
                                                                      ^[0m[0m
[;1m[34m    |[0m[0m
[;1m[34m133 |[0m[0m                          const uint8_t const [;1m[31m*[0m[0m*src, const uint8_t const *srcend,
[;1m[34m    |[0m[0m[;1m[31m                                              ^[0m[0m
[0m[0m[0m
[;1mcbits/text-helper.c:140:19: [;1m[31merror:[0m[0m[;1m[0m[0m[;1m
     warning: duplicate 'const' declaration specifier [-Wduplicate-decl-specifier]
                             const uint8_t const **src, const uint8_t const *srcend,
                                           ^[0m[0m
[;1m[34m    |[0m[0m
[;1m[34m140 |[0m[0m                   [;1m[31m [0m[0m      const uint8_t const **src, const uint8_t const *srcend,
[;1m[34m    |[0m[0m[;1m[31m                   ^[0m[0m
[0m[0m[0m
[;1mcbits/text-helper.c:140:46: [;1m[31merror:[0m[0m[;1m[0m[0m[;1m
     warning: duplicate 'const' declaration specifier [-Wduplicate-decl-specifier]
                             const uint8_t const **src, const uint8_t const *srcend,
                                                                      ^[0m[0m
[;1m[34m    |[0m[0m
[;1m[34m140 |[0m[0m                          const uint8_t const [;1m[31m*[0m[0m*src, const uint8_t const *srcend,
[;1m[34m    |[0m[0m[;1m[31m                                              ^[0m[0m
[0m[0m[0m
[;1mcbits/text-helper.c:205:42: [;1m[31merror:[0m[0m[;1m[0m[0m[;1m
     warning: duplicate 'const' declaration specifier [-Wduplicate-decl-specifier]
                               const uint8_t const **src,
                                             ^[0m[0m
[;1m[34m    |[0m[0m
[;1m[34m205 |[0m[0m                            const uint8_t [;1m[31mc[0m[0monst **src,
[;1m[34m    |[0m[0m[;1m[31m                                          ^[0m[0m
[0m[0m[0m
[;1mcbits/text-helper.c:206:21: [;1m[31merror:[0m[0m[;1m[0m[0m[;1m
     warning: duplicate 'const' declaration specifier [-Wduplicate-decl-specifier]
                               const uint8_t const *srcend,
                                             ^[0m[0m
[;1m[34m    |[0m[0m
[;1m[34m206 |[0m[0m                     [;1m[31m [0m[0m      const uint8_t const *srcend,
[;1m[34m    |[0m[0m[;1m[31m                     ^[0m[0m
[0m[0m[0m8 warnings generated.
clang: warning: argument unused during compilation: '-nopie' [-Wunused-command-line-argument]

[;1mcbits/text-helper.c:71:67: [;1m[31merror:[0m[0m[;1m[0m[0m[;1m
     warning: duplicate 'const' declaration specifier [-Wduplicate-decl-specifier][0m[0m
[;1m[34m   |[0m[0m
[;1m[34m71 |[0m[0m _hs_streaming_commons_decode_latin1(uint16_t *dest, const uint8_t [;1m[31mc[0m[0monst *src,
[;1m[34m   |[0m[0m[;1m[31m                                                                   ^[0m[0m
[0m[0m[0m_hs_streaming_commons_decode_latin1(uint16_t *dest, const uint8_t const *src,
                                                                  ^

[;1mcbits/text-helper.c:72:38: [;1m[31merror:[0m[0m[;1m[0m[0m[;1m
     warning: duplicate 'const' declaration specifier [-Wduplicate-decl-specifier]
                           const uint8_t const *srcend)
                                         ^[0m[0m
[;1m[34m   |[0m[0m
[;1m[34m72 |[0m[0m                        const uint8_t [;1m[31mc[0m[0monst *srcend)
[;1m[34m   |[0m[0m[;1m[31m                                      ^[0m[0m
[0m[0m[0m
[;1mcbits/text-helper.c:133:19: [;1m[31merror:[0m[0m[;1m[0m[0m[;1m
     warning: duplicate 'const' declaration specifier [-Wduplicate-decl-specifier]
                             const uint8_t const **src, const uint8_t const *srcend,
                                           ^[0m[0m
[;1m[34m    |[0m[0m
[;1m[34m133 |[0m[0m                   [;1m[31m [0m[0m      const uint8_t const **src, const uint8_t const *srcend,
[;1m[34m    |[0m[0m[;1m[31m                   ^[0m[0m
[0m[0m[0m
[;1mcbits/text-helper.c:133:46: [;1m[31merror:[0m[0m[;1m[0m[0m[;1m
     warning: duplicate 'const' declaration specifier [-Wduplicate-decl-specifier]
                             const uint8_t const **src, const uint8_t const *srcend,
                                                                      ^[0m[0m
[;1m[34m    |[0m[0m
[;1m[34m133 |[0m[0m                          const uint8_t const [;1m[31m*[0m[0m*src, const uint8_t const *srcend,
[;1m[34m    |[0m[0m[;1m[31m                                              ^[0m[0m
[0m[0m[0m
[;1mcbits/text-helper.c:140:19: [;1m[31merror:[0m[0m[;1m[0m[0m[;1m
     warning: duplicate 'const' declaration specifier [-Wduplicate-decl-specifier]
                             const uint8_t const **src, const uint8_t const *srcend,
                                           ^[0m[0m
[;1m[34m    |[0m[0m
[;1m[34m140 |[0m[0m                   [;1m[31m [0m[0m      const uint8_t const **src, const uint8_t const *srcend,
[;1m[34m    |[0m[0m[;1m[31m                   ^[0m[0m
[0m[0m[0m
[;1mcbits/text-helper.c:140:46: [;1m[31merror:[0m[0m[;1m[0m[0m[;1m
     warning: duplicate 'const' declaration specifier [-Wduplicate-decl-specifier]
                             const uint8_t const **src, const uint8_t const *srcend,
                                                                      ^[0m[0m
[;1m[34m    |[0m[0m
[;1m[34m140 |[0m[0m                          const uint8_t const [;1m[31m*[0m[0m*src, const uint8_t const *srcend,
[;1m[34m    |[0m[0m[;1m[31m                                              ^[0m[0m
[0m[0m[0m
[;1mcbits/text-helper.c:205:42: [;1m[31merror:[0m[0m[;1m[0m[0m[;1m
     warning: duplicate 'const' declaration specifier [-Wduplicate-decl-specifier]
                               const uint8_t const **src,
                                             ^[0m[0m
[;1m[34m    |[0m[0m
[;1m[34m205 |[0m[0m                            const uint8_t [;1m[31mc[0m[0monst **src,
[;1m[34m    |[0m[0m[;1m[31m                                          ^[0m[0m
[0m[0m[0m
[;1mcbits/text-helper.c:206:21: [;1m[31merror:[0m[0m[;1m[0m[0m[;1m
     warning: duplicate 'const' declaration specifier [-Wduplicate-decl-specifier]
                               const uint8_t const *srcend,
                                             ^[0m[0m
[;1m[34m    |[0m[0m
[;1m[34m206 |[0m[0m                     [;1m[31m [0m[0m      const uint8_t const *srcend,
[;1m[34m    |[0m[0m[;1m[31m                     ^[0m[0m
[0m[0m[0m8 warnings generated.
clang: warning: argument unused during compilation: '-nopie' [-Wunused-command-line-argument]

[;1mcbits/zlib-helper.c:32:45: [;1m[31merror:[0m[0m[;1m[0m[0m[;1m
     warning: passing 'const char *' to parameter of type 'const Bytef *' (aka 'const unsigned char *') converts between pointers to integer types with different sign [-Wpointer-sign]
            return inflateSetDictionary(stream, dictionary, dictLength);
                                                ^~~~~~~~~~[0m[0m
[;1m[34m   |[0m[0m
[;1m[34m32 |[0m[0m         return inflateSetDictionary(stream, [;1m[31md[0m[0mictionary, dictLength);
[;1m[34m   |[0m[0m[;1m[31m                                             ^[0m[0m
[0m[0m[0m
[;1minclude/zlib.h:737:59: [;1m[31merror:[0m[0m[;1m[0m[0m[;1m
     note: passing argument to parameter 'dictionary' here
                                                 const Bytef *dictionary,
                                                              ^[0m[0m
[;1m[34m    |[0m[0m
[;1m[34m737 |[0m[0m                                              const Bytef *[;1m[31md[0m[0mictionary,
[;1m[34m    |[0m[0m[;1m[31m                                                           ^[0m[0m
[0m[0m[0m
[;1mcbits/zlib-helper.c:37:45: [;1m[31merror:[0m[0m[;1m[0m[0m[;1m
     warning: passing 'const char *' to parameter of type 'const Bytef *' (aka 'const unsigned char *') converts between pointers to integer types with different sign [-Wpointer-sign]
            return deflateSetDictionary(stream, dictionary, dictLength);
                                                ^~~~~~~~~~[0m[0m
[;1m[34m   |[0m[0m
[;1m[34m37 |[0m[0m         return deflateSetDictionary(stream, [;1m[31md[0m[0mictionary, dictLength);
[;1m[34m   |[0m[0m[;1m[31m                                             ^[0m[0m
[0m[0m[0m
[;1minclude/zlib.h:539:59: [;1m[31merror:[0m[0m[;1m[0m[0m[;1m
     note: passing argument to parameter 'dictionary' here
                                                 const Bytef *dictionary,
                                                              ^[0m[0m
[;1m[34m    |[0m[0m
[;1m[34m539 |[0m[0m                                              const Bytef *[;1m[31md[0m[0mictionary,
[;1m[34m    |[0m[0m[;1m[31m                                                           ^[0m[0m
[0m[0m[0m
[;1mcbits/zlib-helper.c:48:18: [;1m[31merror:[0m[0m[;1m[0m[0m[;1m
     warning: assigning to 'Bytef *' (aka 'unsigned char *') from 'char *' converts between pointers to integer types with different sign [-Wpointer-sign]
            stream->next_in = buff;
                            ^ ~~~~[0m[0m
[;1m[34m   |[0m[0m
[;1m[34m48 |[0m[0m         stream->n[;1m[31me[0m[0mxt_in = buff;
[;1m[34m   |[0m[0m[;1m[31m                  ^[0m[0m
[0m[0m[0m
[;1mcbits/zlib-helper.c:54:19: [;1m[31merror:[0m[0m[;1m[0m[0m[;1m
     warning: assigning to 'Bytef *' (aka 'unsigned char *') from 'char *' converts between pointers to integer types with different sign [-Wpointer-sign]
            stream->next_out = buff;
                             ^ ~~~~[0m[0m
[;1m[34m   |[0m[0m
[;1m[34m54 |[0m[0m         stream->ne[;1m[31mx[0m[0mt_out = buff;
[;1m[34m   |[0m[0m[;1m[31m                   ^[0m[0m
[0m[0m[0m
[;1mcbits/zlib-helper.c:75:9: [;1m[31merror:[0m[0m[;1m[0m[0m[;1m
     warning: returning 'Bytef *' (aka 'unsigned char *') from a function with result type 'char *' converts between pointers to integer types with different sign [-Wpointer-sign]
            return stream->next_in;
                   ^~~~~~~~~~~~~~~[0m[0m
[;1m[34m   |[0m[0m
[;1m[34m75 |[0m[0m         [;1m[31mr[0m[0meturn stream->next_in;
[;1m[34m   |[0m[0m[;1m[31m         ^[0m[0m
[0m[0m[0m5 warnings generated.
clang: warning: argument unused during compilation: '-nopie' [-Wunused-command-line-argument]

[;1mcbits/zlib-helper.c:32:45: [;1m[31merror:[0m[0m[;1m[0m[0m[;1m
     warning: passing 'const char *' to parameter of type 'const Bytef *' (aka 'const unsigned char *') converts between pointers to integer types with different sign [-Wpointer-sign]
            return inflateSetDictionary(stream, dictionary, dictLength);
                                                ^~~~~~~~~~[0m[0m
[;1m[34m   |[0m[0m
[;1m[34m32 |[0m[0m         return inflateSetDictionary(stream, [;1m[31md[0m[0mictionary, dictLength);
[;1m[34m   |[0m[0m[;1m[31m                                             ^[0m[0m
[0m[0m[0m
[;1minclude/zlib.h:737:59: [;1m[31merror:[0m[0m[;1m[0m[0m[;1m
     note: passing argument to parameter 'dictionary' here
                                                 const Bytef *dictionary,
                                                              ^[0m[0m
[;1m[34m    |[0m[0m
[;1m[34m737 |[0m[0m                                              const Bytef *[;1m[31md[0m[0mictionary,
[;1m[34m    |[0m[0m[;1m[31m                                                           ^[0m[0m
[0m[0m[0m
[;1mcbits/zlib-helper.c:37:45: [;1m[31merror:[0m[0m[;1m[0m[0m[;1m
     warning: passing 'const char *' to parameter of type 'const Bytef *' (aka 'const unsigned char *') converts between pointers to integer types with different sign [-Wpointer-sign]
            return deflateSetDictionary(stream, dictionary, dictLength);
                                                ^~~~~~~~~~[0m[0m
[;1m[34m   |[0m[0m
[;1m[34m37 |[0m[0m         return deflateSetDictionary(stream, [;1m[31md[0m[0mictionary, dictLength);
[;1m[34m   |[0m[0m[;1m[31m                                             ^[0m[0m
[0m[0m[0m
[;1minclude/zlib.h:539:59: [;1m[31merror:[0m[0m[;1m[0m[0m[;1m
     note: passing argument to parameter 'dictionary' here
                                                 const Bytef *dictionary,
                                                              ^[0m[0m
[;1m[34m    |[0m[0m
[;1m[34m539 |[0m[0m                                              const Bytef *[;1m[31md[0m[0mictionary,
[;1m[34m    |[0m[0m[;1m[31m                                                           ^[0m[0m
[0m[0m[0m
[;1mcbits/zlib-helper.c:48:18: [;1m[31merror:[0m[0m[;1m[0m[0m[;1m
     warning: assigning to 'Bytef *' (aka 'unsigned char *') from 'char *' converts between pointers to integer types with different sign [-Wpointer-sign]
            stream->next_in = buff;
                            ^ ~~~~[0m[0m
[;1m[34m   |[0m[0m
[;1m[34m48 |[0m[0m         stream->n[;1m[31me[0m[0mxt_in = buff;
[;1m[34m   |[0m[0m[;1m[31m                  ^[0m[0m
[0m[0m[0m
[;1mcbits/zlib-helper.c:54:19: [;1m[31merror:[0m[0m[;1m[0m[0m[;1m
     warning: assigning to 'Bytef *' (aka 'unsigned char *') from 'char *' converts between pointers to integer types with different sign [-Wpointer-sign]
            stream->next_out = buff;
                             ^ ~~~~[0m[0m
[;1m[34m   |[0m[0m
[;1m[34m54 |[0m[0m         stream->ne[;1m[31mx[0m[0mt_out = buff;
[;1m[34m   |[0m[0m[;1m[31m                   ^[0m[0m
[0m[0m[0m
[;1mcbits/zlib-helper.c:75:9: [;1m[31merror:[0m[0m[;1m[0m[0m[;1m
     warning: returning 'Bytef *' (aka 'unsigned char *') from a function with result type 'char *' converts between pointers to integer types with different sign [-Wpointer-sign]
            return stream->next_in;
                   ^~~~~~~~~~~~~~~[0m[0m
[;1m[34m   |[0m[0m
[;1m[34m75 |[0m[0m         [;1m[31mr[0m[0meturn stream->next_in;
[;1m[34m   |[0m[0m[;1m[31m         ^[0m[0m
[0m[0m[0m5 warnings generated.
ignoring (possibly broken) abi-depends field for packages
Installing library in /Users/akona/.stack/snapshots/x86_64-osx/lts-12.7/8.4.3/lib/x86_64-osx-ghc-8.4.3/streaming-commons-0.2.1.0-5P6MCU1YyWyFAttn5zFoQE
Registering library for streaming-commons-0.2.1.0..
