12/23/10 1:27:48 PM (process abhishek.local-0): The Grinder version 3.4
12/23/10 1:27:48 PM (process abhishek.local-0): Java(TM) SE Runtime Environment 1.6.0_22-b04-307-10M3261: Java HotSpot(TM) 64-Bit Server VM (17.1-b03-307, mixed mode) on Mac OS X x86_64 10.6.5
12/23/10 1:27:48 PM (process abhishek.local-0): time zone is GMT+05:30 (+0530)
12/23/10 1:27:49 PM (process abhishek.local-0): worker process 0
12/23/10 1:27:49 PM (process abhishek.local-0): instrumentation agents: traditional Jython instrumenter; byte code transforming instrumenter for Java
12/23/10 1:27:49 PM (process abhishek.local-0): executing "/Users/abhishekk/play/projects/grinder-3.4/script.py" using Jython 2.2.1
12/23/10 1:27:50 PM (process abhishek.local-0): registered plug-in net.grinder.plugin.http.HTTPPlugin
12/23/10 1:27:50 PM (process abhishek.local-0): starting threads
12/23/10 1:27:50 PM (thread 0): starting, will do 1 run
12/23/10 1:27:50 PM (process abhishek.local-0): start time is 1293091071019 ms since Epoch
12/23/10 1:27:51 PM (thread 0 run 0 test 1): http://www.google.com/ -> 200 OK, 12086 bytes
12/23/10 1:27:51 PM (thread 0 run 0 test 1): sleeping for 953 ms
12/23/10 1:27:52 PM (thread 0 test 1): finished 1 run
12/23/10 1:27:52 PM (process abhishek.local-0): elapsed time is 1413 ms
12/23/10 1:27:52 PM (process abhishek.local-0): Final statistics for this process:
             Tests        Errors       Mean Test    Test Time    TPS          Mean         Response     Response     Mean time to Mean time to Mean time to 
                                       Time (ms)    Standard                  response     bytes per    errors       resolve host establish    first byte   
                                                    Deviation                 length       second                                 connection                
                                                    (ms)                                                                                                    

Test 1       1            0            423.00       0.00         0.71         12086.00     8553.43      0            103.00       121.00       409.00        "google.com Homepage"

Totals       1            0            423.00       0.00         0.71         12086.00     8553.43      0            103.00       121.00       409.00       

  Tests resulting in error only contribute to the Errors column.          
  Statistics for individual tests can be found in the data file, including
  (possibly incomplete) statistics for erroneous tests. Composite tests   
  are marked with () and not included in the totals.                      
12/23/10 1:27:52 PM (process abhishek.local-0): finished
